2024-04-27T09:02:23.731-04:00  INFO 28924 --- [deid-tool] [restartedMain] com.ecw.deidtool.DeidToolApplication     : Starting DeidToolApplication using Java 21.0.2 with PID 28924 (C:\IntelliJ-workspace-eCW\ccda-DeID\deid-tool\target\classes started by richard.vemagiri in C:\IntelliJ-workspace-eCW\ccda-DeID\deid-tool)
2024-04-27T09:02:23.749-04:00  INFO 28924 --- [deid-tool] [restartedMain] com.ecw.deidtool.DeidToolApplication     : No active profile set, falling back to 1 default profile: "default"
2024-04-27T09:02:23.828-04:00  INFO 28924 --- [deid-tool] [restartedMain] .e.DevToolsPropertyDefaultsPostProcessor : Devtools property defaults active! Set 'spring.devtools.add-properties' to 'false' to disable
2024-04-27T09:02:23.829-04:00  INFO 28924 --- [deid-tool] [restartedMain] .e.DevToolsPropertyDefaultsPostProcessor : For additional web related logging consider setting the 'logging.level.web' property to 'DEBUG'
2024-04-27T09:02:25.377-04:00  INFO 28924 --- [deid-tool] [restartedMain] o.s.b.w.embedded.tomcat.TomcatWebServer  : Tomcat initialized with port 2020 (http)
2024-04-27T09:02:25.384-04:00  INFO 28924 --- [deid-tool] [restartedMain] o.apache.catalina.core.StandardService   : Starting service [Tomcat]
2024-04-27T09:02:25.385-04:00  INFO 28924 --- [deid-tool] [restartedMain] o.apache.catalina.core.StandardEngine    : Starting Servlet engine: [Apache Tomcat/10.1.18]
2024-04-27T09:02:25.446-04:00  INFO 28924 --- [deid-tool] [restartedMain] o.a.c.c.C.[.[localhost].[/deid-tool]     : Initializing Spring embedded WebApplicationContext
2024-04-27T09:02:25.447-04:00  INFO 28924 --- [deid-tool] [restartedMain] w.s.c.ServletWebServerApplicationContext : Root WebApplicationContext: initialization completed in 1617 ms
2024-04-27T09:02:25.575-04:00  INFO 28924 --- [deid-tool] [restartedMain] .c.a.i.a.c.p.AadAuthenticationProperties : AadAuthenticationFilter Constructor.
2024-04-27T09:02:25.652-04:00  INFO 28924 --- [deid-tool] [restartedMain] c.e.d.service.FileSystemStorageService   : Inside FileSystemStorageService constructor()
2024-04-27T09:02:26.031-04:00  INFO 28924 --- [deid-tool] [restartedMain] o.s.s.web.DefaultSecurityFilterChain     : Will secure any request with [org.springframework.security.web.session.DisableEncodeUrlFilter@637884d7, org.springframework.security.web.context.request.async.WebAsyncManagerIntegrationFilter@2eaa77e8, org.springframework.security.web.context.SecurityContextHolderFilter@5347ec45, org.springframework.security.web.header.HeaderWriterFilter@54b2b361, org.springframework.web.filter.CorsFilter@6f7b8892, org.springframework.security.web.authentication.logout.LogoutFilter@50d9cf9a, org.springframework.security.oauth2.client.web.OAuth2AuthorizationRequestRedirectFilter@7d822c8d, org.springframework.security.oauth2.client.web.OAuth2AuthorizationRequestRedirectFilter@758abde0, org.springframework.security.oauth2.client.web.OAuth2LoginAuthenticationFilter@1981bd47, org.springframework.security.web.authentication.ui.DefaultLoginPageGeneratingFilter@79bf568b, org.springframework.security.web.authentication.ui.DefaultLogoutPageGeneratingFilter@1f295c67, org.springframework.security.web.savedrequest.RequestCacheAwareFilter@47ea8c38, org.springframework.security.web.servletapi.SecurityContextHolderAwareRequestFilter@199af729, org.springframework.security.web.authentication.AnonymousAuthenticationFilter@38502d69, org.springframework.security.oauth2.client.web.OAuth2AuthorizationCodeGrantFilter@7bd254f2, org.springframework.security.web.access.ExceptionTranslationFilter@54c03c3f, org.springframework.security.web.access.intercept.AuthorizationFilter@1f9b774d]
2024-04-27T09:02:26.049-04:00  INFO 28924 --- [deid-tool] [restartedMain] com.ecw.deidtool.config.DeIDAppConfig    : In Init
2024-04-27T09:02:26.302-04:00  INFO 28924 --- [deid-tool] [restartedMain] AbstractAzureServiceClientBuilderFactory : Will configure the default credential of type DefaultAzureCredential for class com.azure.identity.DefaultAzureCredentialBuilder.
2024-04-27T09:02:26.334-04:00  WARN 28924 --- [deid-tool] [restartedMain] c.a.c.http.netty.implementation.Utility  : The following Netty dependencies have versions that do not match the versions specified in the azure-core-http-netty pom.xml file. This may result in unexpected behavior. If your application runs without issue this message can be ignored, otherwise please update the Netty dependencies to match the versions specified in the pom.xml file. Versions found in runtime: 'io.netty:netty-common' version: 4.1.105.Final (expected: 4.1.101.Final),'io.netty:netty-handler' version: 4.1.105.Final (expected: 4.1.101.Final),'io.netty:netty-handler-proxy' version: 4.1.105.Final (expected: 4.1.101.Final),'io.netty:netty-buffer' version: 4.1.105.Final (expected: 4.1.101.Final),'io.netty:netty-codec' version: 4.1.105.Final (expected: 4.1.101.Final),'io.netty:netty-codec-http' version: 4.1.105.Final (expected: 4.1.101.Final),'io.netty:netty-codec-http2' version: 4.1.105.Final (expected: 4.1.101.Final),'io.netty:netty-transport-native-unix-common' version: 4.1.105.Final (expected: 4.1.101.Final),'io.netty:netty-transport-native-epoll' version: 4.1.105.Final (expected: 4.1.101.Final),'io.netty:netty-transport-native-kqueue' version: 4.1.105.Final (expected: 4.1.101.Final)
2024-04-27T09:02:26.509-04:00  INFO 28924 --- [deid-tool] [restartedMain] o.s.b.d.a.OptionalLiveReloadServer       : LiveReload server is running on port 35729
2024-04-27T09:02:26.552-04:00  INFO 28924 --- [deid-tool] [restartedMain] o.s.b.w.embedded.tomcat.TomcatWebServer  : Tomcat started on port 2020 (http) with context path '/deid-tool'
2024-04-27T09:02:26.560-04:00  INFO 28924 --- [deid-tool] [restartedMain] com.ecw.deidtool.DeidToolApplication     : Started DeidToolApplication in 3.356 seconds (process running for 4.512)
2024-04-27T09:02:41.657-04:00  INFO 28924 --- [deid-tool] [File Watcher] rtingClassPathChangeChangedEventListener : Restarting due to 114 class path changes (0 additions, 114 deletions, 0 modifications)
2024-04-27T09:02:41.746-04:00  INFO 28924 --- [deid-tool] [restartedMain] com.ecw.deidtool.DeidToolApplication     : In Main()
2024-04-27T09:06:22.361-04:00  INFO 28924 --- [deid-tool] [restartedMain] com.ecw.deidtool.DeidToolApplication     : Starting DeidToolApplication using Java 21.0.2 with PID 28924 (C:\IntelliJ-workspace-eCW\ccda-DeID\deid-tool\target\classes started by richard.vemagiri in C:\IntelliJ-workspace-eCW\ccda-DeID\deid-tool)
2024-04-27T09:06:22.362-04:00  INFO 28924 --- [deid-tool] [restartedMain] com.ecw.deidtool.DeidToolApplication     : No active profile set, falling back to 1 default profile: "default"
2024-04-27T09:06:22.373-04:00  WARN 28924 --- [deid-tool] [restartedMain] ConfigServletWebServerApplicationContext : Exception encountered during context initialization - cancelling refresh attempt: org.springframework.beans.factory.BeanDefinitionStoreException: I/O failure while processing configuration class [null]
2024-04-27T09:06:22.381-04:00 ERROR 28924 --- [deid-tool] [restartedMain] o.s.boot.SpringApplication               : Application run failed

org.springframework.beans.factory.BeanDefinitionStoreException: I/O failure while processing configuration class [null]
	at org.springframework.context.annotation.ConfigurationClassParser.processConfigurationClass(ConfigurationClassParser.java:251) ~[spring-context-6.1.3.jar:6.1.3]
	at org.springframework.context.annotation.ConfigurationClassParser.parse(ConfigurationClassParser.java:197) ~[spring-context-6.1.3.jar:6.1.3]
	at org.springframework.context.annotation.ConfigurationClassParser.parse(ConfigurationClassParser.java:165) ~[spring-context-6.1.3.jar:6.1.3]
	at org.springframework.context.annotation.ConfigurationClassPostProcessor.processConfigBeanDefinitions(ConfigurationClassPostProcessor.java:416) ~[spring-context-6.1.3.jar:6.1.3]
	at org.springframework.context.annotation.ConfigurationClassPostProcessor.postProcessBeanDefinitionRegistry(ConfigurationClassPostProcessor.java:289) ~[spring-context-6.1.3.jar:6.1.3]
	at org.springframework.context.support.PostProcessorRegistrationDelegate.invokeBeanDefinitionRegistryPostProcessors(PostProcessorRegistrationDelegate.java:349) ~[spring-context-6.1.3.jar:6.1.3]
	at org.springframework.context.support.PostProcessorRegistrationDelegate.invokeBeanFactoryPostProcessors(PostProcessorRegistrationDelegate.java:118) ~[spring-context-6.1.3.jar:6.1.3]
	at org.springframework.context.support.AbstractApplicationContext.invokeBeanFactoryPostProcessors(AbstractApplicationContext.java:788) ~[spring-context-6.1.3.jar:6.1.3]
	at org.springframework.context.support.AbstractApplicationContext.refresh(AbstractApplicationContext.java:606) ~[spring-context-6.1.3.jar:6.1.3]
	at org.springframework.boot.web.servlet.context.ServletWebServerApplicationContext.refresh(ServletWebServerApplicationContext.java:146) ~[spring-boot-3.2.2.jar:3.2.2]
	at org.springframework.boot.SpringApplication.refresh(SpringApplication.java:754) ~[spring-boot-3.2.2.jar:3.2.2]
	at org.springframework.boot.SpringApplication.refreshContext(SpringApplication.java:456) ~[spring-boot-3.2.2.jar:3.2.2]
	at org.springframework.boot.SpringApplication.run(SpringApplication.java:334) ~[spring-boot-3.2.2.jar:3.2.2]
	at org.springframework.boot.SpringApplication.run(SpringApplication.java:1354) ~[spring-boot-3.2.2.jar:3.2.2]
	at org.springframework.boot.SpringApplication.run(SpringApplication.java:1343) ~[spring-boot-3.2.2.jar:3.2.2]
	at com.ecw.deidtool.DeidToolApplication.main(DeidToolApplication.java:28) ~[classes/:na]
	at java.base/jdk.internal.reflect.DirectMethodHandleAccessor.invoke(DirectMethodHandleAccessor.java:103) ~[na:na]
	at java.base/java.lang.reflect.Method.invoke(Method.java:580) ~[na:na]
	at org.springframework.boot.devtools.restart.RestartLauncher.run(RestartLauncher.java:50) ~[spring-boot-devtools-3.2.2.jar:3.2.2]
Caused by: java.io.FileNotFoundException: class path resource [com/ecw/deidtool/DeidToolApplication.class] cannot be opened because it does not exist
	at org.springframework.core.io.ClassPathResource.getInputStream(ClassPathResource.java:215) ~[spring-core-6.1.3.jar:6.1.3]
	at org.springframework.core.type.classreading.SimpleMetadataReader.getClassReader(SimpleMetadataReader.java:54) ~[spring-core-6.1.3.jar:6.1.3]
	at org.springframework.core.type.classreading.SimpleMetadataReader.<init>(SimpleMetadataReader.java:48) ~[spring-core-6.1.3.jar:6.1.3]
	at org.springframework.core.type.classreading.SimpleMetadataReaderFactory.getMetadataReader(SimpleMetadataReaderFactory.java:103) ~[spring-core-6.1.3.jar:6.1.3]
	at org.springframework.boot.type.classreading.ConcurrentReferenceCachingMetadataReaderFactory.createMetadataReader(ConcurrentReferenceCachingMetadataReaderFactory.java:86) ~[spring-boot-3.2.2.jar:3.2.2]
	at org.springframework.boot.type.classreading.ConcurrentReferenceCachingMetadataReaderFactory.getMetadataReader(ConcurrentReferenceCachingMetadataReaderFactory.java:73) ~[spring-boot-3.2.2.jar:3.2.2]
	at org.springframework.core.type.classreading.SimpleMetadataReaderFactory.getMetadataReader(SimpleMetadataReaderFactory.java:81) ~[spring-core-6.1.3.jar:6.1.3]
	at org.springframework.context.annotation.ConfigurationClassParser.asSourceClass(ConfigurationClassParser.java:630) ~[spring-context-6.1.3.jar:6.1.3]
	at org.springframework.context.annotation.ConfigurationClassParser.asSourceClass(ConfigurationClassParser.java:599) ~[spring-context-6.1.3.jar:6.1.3]
	at org.springframework.context.annotation.ConfigurationClassParser.asSourceClass(ConfigurationClassParser.java:577) ~[spring-context-6.1.3.jar:6.1.3]
	at org.springframework.context.annotation.ConfigurationClassParser.processConfigurationClass(ConfigurationClassParser.java:244) ~[spring-context-6.1.3.jar:6.1.3]
	... 18 common frames omitted

2024-04-27T09:06:27.154-04:00  INFO 28924 --- [deid-tool] [restartedMain] com.ecw.deidtool.DeidToolApplication     : In Main()
2024-04-27T09:06:27.217-04:00  INFO 28924 --- [deid-tool] [restartedMain] com.ecw.deidtool.DeidToolApplication     : Starting DeidToolApplication using Java 21.0.2 with PID 28924 (C:\IntelliJ-workspace-eCW\ccda-DeID\deid-tool\target\classes started by richard.vemagiri in C:\IntelliJ-workspace-eCW\ccda-DeID\deid-tool)
2024-04-27T09:06:27.217-04:00  INFO 28924 --- [deid-tool] [restartedMain] com.ecw.deidtool.DeidToolApplication     : No active profile set, falling back to 1 default profile: "default"
2024-04-27T09:06:27.933-04:00  INFO 28924 --- [deid-tool] [restartedMain] o.s.b.w.embedded.tomcat.TomcatWebServer  : Tomcat initialized with port 2020 (http)
2024-04-27T09:06:27.933-04:00  INFO 28924 --- [deid-tool] [restartedMain] o.apache.catalina.core.StandardService   : Starting service [Tomcat]
2024-04-27T09:06:27.933-04:00  INFO 28924 --- [deid-tool] [restartedMain] o.apache.catalina.core.StandardEngine    : Starting Servlet engine: [Apache Tomcat/10.1.18]
2024-04-27T09:06:28.045-04:00  INFO 28924 --- [deid-tool] [restartedMain] o.a.c.c.C.[.[localhost].[/deid-tool]     : Initializing Spring embedded WebApplicationContext
2024-04-27T09:06:28.045-04:00  INFO 28924 --- [deid-tool] [restartedMain] w.s.c.ServletWebServerApplicationContext : Root WebApplicationContext: initialization completed in 828 ms
2024-04-27T09:06:28.157-04:00  INFO 28924 --- [deid-tool] [restartedMain] .c.a.i.a.c.p.AadAuthenticationProperties : AadAuthenticationFilter Constructor.
2024-04-27T09:06:28.205-04:00  INFO 28924 --- [deid-tool] [restartedMain] c.e.d.service.FileSystemStorageService   : Inside FileSystemStorageService constructor()
2024-04-27T09:06:28.411-04:00  INFO 28924 --- [deid-tool] [restartedMain] o.s.s.web.DefaultSecurityFilterChain     : Will secure any request with [org.springframework.security.web.session.DisableEncodeUrlFilter@2e8450eb, org.springframework.security.web.context.request.async.WebAsyncManagerIntegrationFilter@5ea0b9eb, org.springframework.security.web.context.SecurityContextHolderFilter@32ad14d1, org.springframework.security.web.header.HeaderWriterFilter@6b4f24f0, org.springframework.web.filter.CorsFilter@1a688c0, org.springframework.security.web.authentication.logout.LogoutFilter@27dc2120, org.springframework.security.oauth2.client.web.OAuth2AuthorizationRequestRedirectFilter@2baf3de5, org.springframework.security.oauth2.client.web.OAuth2AuthorizationRequestRedirectFilter@77c5138c, org.springframework.security.oauth2.client.web.OAuth2LoginAuthenticationFilter@6b1378e8, org.springframework.security.web.authentication.ui.DefaultLoginPageGeneratingFilter@3df47d5c, org.springframework.security.web.authentication.ui.DefaultLogoutPageGeneratingFilter@1eaae318, org.springframework.security.web.savedrequest.RequestCacheAwareFilter@4bf16902, org.springframework.security.web.servletapi.SecurityContextHolderAwareRequestFilter@2f0eb4e9, org.springframework.security.web.authentication.AnonymousAuthenticationFilter@12a5fb2e, org.springframework.security.oauth2.client.web.OAuth2AuthorizationCodeGrantFilter@25574884, org.springframework.security.web.access.ExceptionTranslationFilter@48659fda, org.springframework.security.web.access.intercept.AuthorizationFilter@632ffcaa]
2024-04-27T09:06:28.411-04:00  INFO 28924 --- [deid-tool] [restartedMain] com.ecw.deidtool.config.DeIDAppConfig    : In Init
2024-04-27T09:06:28.553-04:00  INFO 28924 --- [deid-tool] [restartedMain] AbstractAzureServiceClientBuilderFactory : Will configure the default credential of type DefaultAzureCredential for class com.azure.identity.DefaultAzureCredentialBuilder.
2024-04-27T09:06:28.616-04:00  INFO 28924 --- [deid-tool] [restartedMain] o.s.b.d.a.OptionalLiveReloadServer       : LiveReload server is running on port 35729
2024-04-27T09:06:28.634-04:00  INFO 28924 --- [deid-tool] [restartedMain] o.s.b.w.embedded.tomcat.TomcatWebServer  : Tomcat started on port 2020 (http) with context path '/deid-tool'
2024-04-27T09:06:28.649-04:00  INFO 28924 --- [deid-tool] [restartedMain] com.ecw.deidtool.DeidToolApplication     : Started DeidToolApplication in 1.478 seconds (process running for 246.606)
2024-04-27T09:06:28.649-04:00  INFO 28924 --- [deid-tool] [restartedMain] .ConditionEvaluationDeltaLoggingListener : Condition evaluation unchanged
2024-04-27T09:06:34.898-04:00  INFO 19488 --- [deid-tool] [main] c.e.d.controller.DeIDAppControllerTests  : Starting DeIDAppControllerTests using Java 21.0.2 with PID 19488 (started by richard.vemagiri in C:\IntelliJ-workspace-eCW\ccda-DeID\deid-tool)
2024-04-27T09:06:34.904-04:00  INFO 19488 --- [deid-tool] [main] c.e.d.controller.DeIDAppControllerTests  : No active profile set, falling back to 1 default profile: "default"
2024-04-27T09:06:38.376-04:00  INFO 19488 --- [deid-tool] [main] o.s.s.web.DefaultSecurityFilterChain     : Will secure any request with [org.springframework.security.web.session.DisableEncodeUrlFilter@5a8dcfbb, org.springframework.security.web.context.request.async.WebAsyncManagerIntegrationFilter@1846ad0f, org.springframework.security.web.context.SecurityContextHolderFilter@525b8922, org.springframework.security.web.header.HeaderWriterFilter@74764622, org.springframework.web.filter.CorsFilter@5597ca3, org.springframework.security.web.csrf.CsrfFilter@1716c037, org.springframework.security.web.authentication.logout.LogoutFilter@5dd6a4c8, org.springframework.security.web.authentication.UsernamePasswordAuthenticationFilter@4dd1d2bb, org.springframework.security.web.authentication.ui.DefaultLoginPageGeneratingFilter@74fc3fc7, org.springframework.security.web.authentication.ui.DefaultLogoutPageGeneratingFilter@31b741e2, org.springframework.security.web.authentication.www.BasicAuthenticationFilter@284d4885, org.springframework.security.web.savedrequest.RequestCacheAwareFilter@6caa4dc5, org.springframework.security.web.servletapi.SecurityContextHolderAwareRequestFilter@6ed51944, org.springframework.security.web.authentication.AnonymousAuthenticationFilter@573a078, org.springframework.security.web.access.ExceptionTranslationFilter@733fae8, org.springframework.security.web.access.intercept.AuthorizationFilter@674aa626]
2024-04-27T09:06:38.447-04:00  INFO 19488 --- [deid-tool] [main] o.s.b.t.m.w.SpringBootMockServletContext : Initializing Spring TestDispatcherServlet ''
2024-04-27T09:06:38.447-04:00  INFO 19488 --- [deid-tool] [main] o.s.t.web.servlet.TestDispatcherServlet  : Initializing Servlet ''
2024-04-27T09:06:38.447-04:00  INFO 19488 --- [deid-tool] [main] o.s.t.web.servlet.TestDispatcherServlet  : Completed initialization in 0 ms
2024-04-27T09:06:38.489-04:00  INFO 19488 --- [deid-tool] [main] c.e.d.controller.DeIDAppControllerTests  : Started DeIDAppControllerTests in 4.166 seconds (process running for 6.409)
2024-04-27T09:06:38.581-04:00  INFO 19488 --- [deid-tool] [main] t.c.s.AnnotationConfigContextLoaderUtils : Could not detect default configuration classes for test class [com.ecw.deidtool.DeidToolApplicationTests]: DeidToolApplicationTests does not declare any static, non-private, non-final, nested classes annotated with @Configuration.
2024-04-27T09:06:38.596-04:00  INFO 19488 --- [deid-tool] [main] .b.t.c.SpringBootTestContextBootstrapper : Found @SpringBootConfiguration com.ecw.deidtool.DeidToolApplication for test class com.ecw.deidtool.DeidToolApplicationTests
2024-04-27T09:06:38.616-04:00  INFO 19488 --- [deid-tool] [main] o.s.b.d.r.RestartApplicationListener     : Restart disabled due to context in which it is running
2024-04-27T09:06:38.662-04:00  INFO 19488 --- [deid-tool] [main] c.ecw.deidtool.DeidToolApplicationTests  : Starting DeidToolApplicationTests using Java 21.0.2 with PID 19488 (started by richard.vemagiri in C:\IntelliJ-workspace-eCW\ccda-DeID\deid-tool)
2024-04-27T09:06:38.662-04:00  INFO 19488 --- [deid-tool] [main] c.ecw.deidtool.DeidToolApplicationTests  : No active profile set, falling back to 1 default profile: "default"
2024-04-27T09:06:39.693-04:00  INFO 19488 --- [deid-tool] [main] c.e.d.service.FileSystemStorageService   : Inside FileSystemStorageService constructor()
2024-04-27T09:06:40.326-04:00  INFO 19488 --- [deid-tool] [main] o.s.s.web.DefaultSecurityFilterChain     : Will secure any request with [org.springframework.security.web.session.DisableEncodeUrlFilter@3ffa0f38, org.springframework.security.web.context.request.async.WebAsyncManagerIntegrationFilter@13cc31df, org.springframework.security.web.context.SecurityContextHolderFilter@20a4cba7, org.springframework.security.web.header.HeaderWriterFilter@6be80629, org.springframework.web.filter.CorsFilter@24a7d3d3, org.springframework.security.web.authentication.logout.LogoutFilter@362b384c, org.springframework.security.oauth2.client.web.OAuth2AuthorizationRequestRedirectFilter@4be1dce6, org.springframework.security.oauth2.client.web.OAuth2AuthorizationRequestRedirectFilter@2dacda9a, org.springframework.security.oauth2.client.web.OAuth2LoginAuthenticationFilter@5a31abe9, org.springframework.security.web.authentication.ui.DefaultLoginPageGeneratingFilter@282c5075, org.springframework.security.web.authentication.ui.DefaultLogoutPageGeneratingFilter@43fbc2bf, org.springframework.security.web.savedrequest.RequestCacheAwareFilter@10f10230, org.springframework.security.web.servletapi.SecurityContextHolderAwareRequestFilter@3dec769, org.springframework.security.web.authentication.AnonymousAuthenticationFilter@2c978637, org.springframework.security.oauth2.client.web.OAuth2AuthorizationCodeGrantFilter@bcd9ed6, org.springframework.security.web.access.ExceptionTranslationFilter@3be50b2c, org.springframework.security.web.access.intercept.AuthorizationFilter@9de1b85]
2024-04-27T09:06:40.350-04:00  INFO 19488 --- [deid-tool] [main] com.ecw.deidtool.config.DeIDAppConfig    : In Init
2024-04-27T09:06:40.650-04:00  INFO 19488 --- [deid-tool] [main] .c.a.i.a.c.p.AadAuthenticationProperties : AadAuthenticationFilter Constructor.
2024-04-27T09:06:41.042-04:00  INFO 19488 --- [deid-tool] [main] AbstractAzureServiceClientBuilderFactory : Will configure the default credential of type DefaultAzureCredential for class com.azure.identity.DefaultAzureCredentialBuilder.
2024-04-27T09:06:41.214-04:00  WARN 19488 --- [deid-tool] [main] c.a.c.http.netty.implementation.Utility  : The following Netty dependencies have versions that do not match the versions specified in the azure-core-http-netty pom.xml file. This may result in unexpected behavior. If your application runs without issue this message can be ignored, otherwise please update the Netty dependencies to match the versions specified in the pom.xml file. Versions found in runtime: 'io.netty:netty-common' version: 4.1.105.Final (expected: 4.1.101.Final),'io.netty:netty-handler' version: 4.1.105.Final (expected: 4.1.101.Final),'io.netty:netty-handler-proxy' version: 4.1.105.Final (expected: 4.1.101.Final),'io.netty:netty-buffer' version: 4.1.105.Final (expected: 4.1.101.Final),'io.netty:netty-codec' version: 4.1.105.Final (expected: 4.1.101.Final),'io.netty:netty-codec-http' version: 4.1.105.Final (expected: 4.1.101.Final),'io.netty:netty-codec-http2' version: 4.1.105.Final (expected: 4.1.101.Final),'io.netty:netty-transport-native-unix-common' version: 4.1.105.Final (expected: 4.1.101.Final),'io.netty:netty-transport-native-epoll' version: 4.1.105.Final (expected: 4.1.101.Final),'io.netty:netty-transport-native-kqueue' version: 4.1.105.Final (expected: 4.1.101.Final)
2024-04-27T09:06:41.563-04:00  INFO 19488 --- [deid-tool] [main] c.ecw.deidtool.DeidToolApplicationTests  : Started DeidToolApplicationTests in 2.947 seconds (process running for 9.485)
2024-04-27T09:36:06.986-04:00  INFO 33896 --- [deid-tool] [restartedMain] com.ecw.deidtool.DeidToolApplication     : Starting DeidToolApplication using Java 21.0.2 with PID 33896 (C:\IntelliJ-workspace-eCW\ccda-DeID\deid-tool\target\classes started by richard.vemagiri in C:\IntelliJ-workspace-eCW\ccda-DeID\deid-tool)
2024-04-27T09:36:06.989-04:00  INFO 33896 --- [deid-tool] [restartedMain] com.ecw.deidtool.DeidToolApplication     : No active profile set, falling back to 1 default profile: "default"
2024-04-27T09:36:07.063-04:00  INFO 33896 --- [deid-tool] [restartedMain] .e.DevToolsPropertyDefaultsPostProcessor : Devtools property defaults active! Set 'spring.devtools.add-properties' to 'false' to disable
2024-04-27T09:36:07.063-04:00  INFO 33896 --- [deid-tool] [restartedMain] .e.DevToolsPropertyDefaultsPostProcessor : For additional web related logging consider setting the 'logging.level.web' property to 'DEBUG'
2024-04-27T09:36:08.650-04:00  INFO 33896 --- [deid-tool] [restartedMain] o.s.b.w.embedded.tomcat.TomcatWebServer  : Tomcat initialized with port 2020 (http)
2024-04-27T09:36:08.662-04:00  INFO 33896 --- [deid-tool] [restartedMain] o.apache.catalina.core.StandardService   : Starting service [Tomcat]
2024-04-27T09:36:08.662-04:00  INFO 33896 --- [deid-tool] [restartedMain] o.apache.catalina.core.StandardEngine    : Starting Servlet engine: [Apache Tomcat/10.1.18]
2024-04-27T09:36:08.737-04:00  INFO 33896 --- [deid-tool] [restartedMain] o.a.c.c.C.[.[localhost].[/deid-tool]     : Initializing Spring embedded WebApplicationContext
2024-04-27T09:36:08.737-04:00  INFO 33896 --- [deid-tool] [restartedMain] w.s.c.ServletWebServerApplicationContext : Root WebApplicationContext: initialization completed in 1673 ms
2024-04-27T09:36:08.871-04:00  INFO 33896 --- [deid-tool] [restartedMain] .c.a.i.a.c.p.AadAuthenticationProperties : AadAuthenticationFilter Constructor.
2024-04-27T09:36:08.931-04:00  INFO 33896 --- [deid-tool] [restartedMain] c.e.d.service.FileSystemStorageService   : Inside FileSystemStorageService constructor()
2024-04-27T09:36:09.335-04:00  INFO 33896 --- [deid-tool] [restartedMain] o.s.s.web.DefaultSecurityFilterChain     : Will secure any request with [org.springframework.security.web.session.DisableEncodeUrlFilter@34c88040, org.springframework.security.web.context.request.async.WebAsyncManagerIntegrationFilter@3f2e6e8d, org.springframework.security.web.context.SecurityContextHolderFilter@d2f085e, org.springframework.security.web.header.HeaderWriterFilter@80ddf23, org.springframework.web.filter.CorsFilter@53a34da8, org.springframework.security.web.authentication.logout.LogoutFilter@1af83542, org.springframework.security.oauth2.client.web.OAuth2AuthorizationRequestRedirectFilter@5980a37e, org.springframework.security.oauth2.client.web.OAuth2AuthorizationRequestRedirectFilter@4a329787, org.springframework.security.oauth2.client.web.OAuth2LoginAuthenticationFilter@4fcddbfa, org.springframework.security.web.authentication.ui.DefaultLoginPageGeneratingFilter@4ae6d6d4, org.springframework.security.web.authentication.ui.DefaultLogoutPageGeneratingFilter@7222eb4e, org.springframework.security.web.savedrequest.RequestCacheAwareFilter@6bdb9187, org.springframework.security.web.servletapi.SecurityContextHolderAwareRequestFilter@ba38cc8, org.springframework.security.web.authentication.AnonymousAuthenticationFilter@298afca, org.springframework.security.oauth2.client.web.OAuth2AuthorizationCodeGrantFilter@5c5d1c78, org.springframework.security.web.access.ExceptionTranslationFilter@284d9f37, org.springframework.security.web.access.intercept.AuthorizationFilter@77e85992]
2024-04-27T09:36:09.353-04:00  INFO 33896 --- [deid-tool] [restartedMain] com.ecw.deidtool.config.DeIDAppConfig    : In Init
2024-04-27T09:36:09.615-04:00  INFO 33896 --- [deid-tool] [restartedMain] AbstractAzureServiceClientBuilderFactory : Will configure the default credential of type DefaultAzureCredential for class com.azure.identity.DefaultAzureCredentialBuilder.
2024-04-27T09:36:09.650-04:00  WARN 33896 --- [deid-tool] [restartedMain] c.a.c.http.netty.implementation.Utility  : The following Netty dependencies have versions that do not match the versions specified in the azure-core-http-netty pom.xml file. This may result in unexpected behavior. If your application runs without issue this message can be ignored, otherwise please update the Netty dependencies to match the versions specified in the pom.xml file. Versions found in runtime: 'io.netty:netty-common' version: 4.1.105.Final (expected: 4.1.101.Final),'io.netty:netty-handler' version: 4.1.105.Final (expected: 4.1.101.Final),'io.netty:netty-handler-proxy' version: 4.1.105.Final (expected: 4.1.101.Final),'io.netty:netty-buffer' version: 4.1.105.Final (expected: 4.1.101.Final),'io.netty:netty-codec' version: 4.1.105.Final (expected: 4.1.101.Final),'io.netty:netty-codec-http' version: 4.1.105.Final (expected: 4.1.101.Final),'io.netty:netty-codec-http2' version: 4.1.105.Final (expected: 4.1.101.Final),'io.netty:netty-transport-native-unix-common' version: 4.1.105.Final (expected: 4.1.101.Final),'io.netty:netty-transport-native-epoll' version: 4.1.105.Final (expected: 4.1.101.Final),'io.netty:netty-transport-native-kqueue' version: 4.1.105.Final (expected: 4.1.101.Final)
2024-04-27T09:36:09.812-04:00  INFO 33896 --- [deid-tool] [restartedMain] o.s.b.d.a.OptionalLiveReloadServer       : LiveReload server is running on port 35729
2024-04-27T09:36:09.863-04:00  INFO 33896 --- [deid-tool] [restartedMain] o.s.b.w.embedded.tomcat.TomcatWebServer  : Tomcat started on port 2020 (http) with context path '/deid-tool'
2024-04-27T09:36:09.872-04:00  INFO 33896 --- [deid-tool] [restartedMain] com.ecw.deidtool.DeidToolApplication     : Started DeidToolApplication in 3.468 seconds (process running for 5.017)
2024-04-27T09:36:19.772-04:00  INFO 33896 --- [deid-tool] [http-nio-2020-exec-1] o.a.c.c.C.[.[localhost].[/deid-tool]     : Initializing Spring DispatcherServlet 'dispatcherServlet'
2024-04-27T09:36:19.773-04:00  INFO 33896 --- [deid-tool] [http-nio-2020-exec-1] o.s.web.servlet.DispatcherServlet        : Initializing Servlet 'dispatcherServlet'
2024-04-27T09:36:19.775-04:00  INFO 33896 --- [deid-tool] [http-nio-2020-exec-1] o.s.web.servlet.DispatcherServlet        : Completed initialization in 2 ms
2024-04-27T09:36:37.805-04:00  INFO 33896 --- [deid-tool] [http-nio-2020-exec-6] c.e.d.controller.DeIDAppController       : Inside Post Text Mod handler method
2024-04-27T09:38:32.166-04:00  INFO 29888 --- [deid-tool] [restartedMain] com.ecw.deidtool.DeidToolApplication     : Starting DeidToolApplication using Java 21.0.2 with PID 29888 (C:\IntelliJ-workspace-eCW\ccda-DeID\deid-tool\target\classes started by richard.vemagiri in C:\IntelliJ-workspace-eCW\ccda-DeID\deid-tool)
2024-04-27T09:38:32.169-04:00  INFO 29888 --- [deid-tool] [restartedMain] com.ecw.deidtool.DeidToolApplication     : No active profile set, falling back to 1 default profile: "default"
2024-04-27T09:38:32.240-04:00  INFO 29888 --- [deid-tool] [restartedMain] .e.DevToolsPropertyDefaultsPostProcessor : Devtools property defaults active! Set 'spring.devtools.add-properties' to 'false' to disable
2024-04-27T09:38:32.241-04:00  INFO 29888 --- [deid-tool] [restartedMain] .e.DevToolsPropertyDefaultsPostProcessor : For additional web related logging consider setting the 'logging.level.web' property to 'DEBUG'
2024-04-27T09:38:33.799-04:00  INFO 29888 --- [deid-tool] [restartedMain] o.s.b.w.embedded.tomcat.TomcatWebServer  : Tomcat initialized with port 2020 (http)
2024-04-27T09:38:33.811-04:00  INFO 29888 --- [deid-tool] [restartedMain] o.apache.catalina.core.StandardService   : Starting service [Tomcat]
2024-04-27T09:38:33.812-04:00  INFO 29888 --- [deid-tool] [restartedMain] o.apache.catalina.core.StandardEngine    : Starting Servlet engine: [Apache Tomcat/10.1.18]
2024-04-27T09:38:33.897-04:00  INFO 29888 --- [deid-tool] [restartedMain] o.a.c.c.C.[.[localhost].[/deid-tool]     : Initializing Spring embedded WebApplicationContext
2024-04-27T09:38:33.897-04:00  INFO 29888 --- [deid-tool] [restartedMain] w.s.c.ServletWebServerApplicationContext : Root WebApplicationContext: initialization completed in 1656 ms
2024-04-27T09:38:34.051-04:00  INFO 29888 --- [deid-tool] [restartedMain] .c.a.i.a.c.p.AadAuthenticationProperties : AadAuthenticationFilter Constructor.
2024-04-27T09:38:34.136-04:00  INFO 29888 --- [deid-tool] [restartedMain] c.e.d.service.FileSystemStorageService   : Inside FileSystemStorageService constructor()
2024-04-27T09:38:34.555-04:00  INFO 29888 --- [deid-tool] [restartedMain] o.s.s.web.DefaultSecurityFilterChain     : Will secure any request with [org.springframework.security.web.session.DisableEncodeUrlFilter@2ce7996e, org.springframework.security.web.context.request.async.WebAsyncManagerIntegrationFilter@18fcf7c4, org.springframework.security.web.context.SecurityContextHolderFilter@55043d94, org.springframework.security.web.header.HeaderWriterFilter@5df8b5f2, org.springframework.web.filter.CorsFilter@41a38ae0, org.springframework.security.web.authentication.logout.LogoutFilter@74682032, org.springframework.security.oauth2.client.web.OAuth2AuthorizationRequestRedirectFilter@42b1bd76, org.springframework.security.oauth2.client.web.OAuth2AuthorizationRequestRedirectFilter@8cfb461, org.springframework.security.oauth2.client.web.OAuth2LoginAuthenticationFilter@2a12112, org.springframework.security.web.authentication.ui.DefaultLoginPageGeneratingFilter@5bd9d5af, org.springframework.security.web.authentication.ui.DefaultLogoutPageGeneratingFilter@3dbbd35b, org.springframework.security.web.savedrequest.RequestCacheAwareFilter@62b1da8, org.springframework.security.web.servletapi.SecurityContextHolderAwareRequestFilter@6b336422, org.springframework.security.web.authentication.AnonymousAuthenticationFilter@2d87116b, org.springframework.security.oauth2.client.web.OAuth2AuthorizationCodeGrantFilter@1a724ede, org.springframework.security.web.access.ExceptionTranslationFilter@492404f5, org.springframework.security.web.access.intercept.AuthorizationFilter@30ea341e]
2024-04-27T09:38:34.575-04:00  INFO 29888 --- [deid-tool] [restartedMain] com.ecw.deidtool.config.DeIDAppConfig    : In Init
2024-04-27T09:38:34.858-04:00  INFO 29888 --- [deid-tool] [restartedMain] AbstractAzureServiceClientBuilderFactory : Will configure the default credential of type DefaultAzureCredential for class com.azure.identity.DefaultAzureCredentialBuilder.
2024-04-27T09:38:34.903-04:00  WARN 29888 --- [deid-tool] [restartedMain] c.a.c.http.netty.implementation.Utility  : The following Netty dependencies have versions that do not match the versions specified in the azure-core-http-netty pom.xml file. This may result in unexpected behavior. If your application runs without issue this message can be ignored, otherwise please update the Netty dependencies to match the versions specified in the pom.xml file. Versions found in runtime: 'io.netty:netty-common' version: 4.1.105.Final (expected: 4.1.101.Final),'io.netty:netty-handler' version: 4.1.105.Final (expected: 4.1.101.Final),'io.netty:netty-handler-proxy' version: 4.1.105.Final (expected: 4.1.101.Final),'io.netty:netty-buffer' version: 4.1.105.Final (expected: 4.1.101.Final),'io.netty:netty-codec' version: 4.1.105.Final (expected: 4.1.101.Final),'io.netty:netty-codec-http' version: 4.1.105.Final (expected: 4.1.101.Final),'io.netty:netty-codec-http2' version: 4.1.105.Final (expected: 4.1.101.Final),'io.netty:netty-transport-native-unix-common' version: 4.1.105.Final (expected: 4.1.101.Final),'io.netty:netty-transport-native-epoll' version: 4.1.105.Final (expected: 4.1.101.Final),'io.netty:netty-transport-native-kqueue' version: 4.1.105.Final (expected: 4.1.101.Final)
2024-04-27T09:38:35.106-04:00  INFO 29888 --- [deid-tool] [restartedMain] o.s.b.d.a.OptionalLiveReloadServer       : LiveReload server is running on port 35729
2024-04-27T09:38:35.174-04:00  INFO 29888 --- [deid-tool] [restartedMain] o.s.b.w.embedded.tomcat.TomcatWebServer  : Tomcat started on port 2020 (http) with context path '/deid-tool'
2024-04-27T09:38:35.187-04:00  INFO 29888 --- [deid-tool] [restartedMain] com.ecw.deidtool.DeidToolApplication     : Started DeidToolApplication in 3.544 seconds (process running for 5.029)
2024-04-27T09:38:36.777-04:00  INFO 29888 --- [deid-tool] [http-nio-2020-exec-1] o.a.c.c.C.[.[localhost].[/deid-tool]     : Initializing Spring DispatcherServlet 'dispatcherServlet'
2024-04-27T09:38:36.777-04:00  INFO 29888 --- [deid-tool] [http-nio-2020-exec-1] o.s.web.servlet.DispatcherServlet        : Initializing Servlet 'dispatcherServlet'
2024-04-27T09:38:36.779-04:00  INFO 29888 --- [deid-tool] [http-nio-2020-exec-1] o.s.web.servlet.DispatcherServlet        : Completed initialization in 2 ms
2024-04-27T09:39:25.646-04:00  INFO 23440 --- [deid-tool] [restartedMain] com.ecw.deidtool.DeidToolApplication     : Starting DeidToolApplication using Java 21.0.2 with PID 23440 (C:\IntelliJ-workspace-eCW\ccda-DeID\deid-tool\target\classes started by richard.vemagiri in C:\IntelliJ-workspace-eCW\ccda-DeID\deid-tool)
2024-04-27T09:39:25.648-04:00  INFO 23440 --- [deid-tool] [restartedMain] com.ecw.deidtool.DeidToolApplication     : No active profile set, falling back to 1 default profile: "default"
2024-04-27T09:39:25.719-04:00  INFO 23440 --- [deid-tool] [restartedMain] .e.DevToolsPropertyDefaultsPostProcessor : Devtools property defaults active! Set 'spring.devtools.add-properties' to 'false' to disable
2024-04-27T09:39:25.720-04:00  INFO 23440 --- [deid-tool] [restartedMain] .e.DevToolsPropertyDefaultsPostProcessor : For additional web related logging consider setting the 'logging.level.web' property to 'DEBUG'
2024-04-27T09:39:27.288-04:00  INFO 23440 --- [deid-tool] [restartedMain] o.s.b.w.embedded.tomcat.TomcatWebServer  : Tomcat initialized with port 2020 (http)
2024-04-27T09:39:27.303-04:00  INFO 23440 --- [deid-tool] [restartedMain] o.apache.catalina.core.StandardService   : Starting service [Tomcat]
2024-04-27T09:39:27.304-04:00  INFO 23440 --- [deid-tool] [restartedMain] o.apache.catalina.core.StandardEngine    : Starting Servlet engine: [Apache Tomcat/10.1.18]
2024-04-27T09:39:27.378-04:00  INFO 23440 --- [deid-tool] [restartedMain] o.a.c.c.C.[.[localhost].[/deid-tool]     : Initializing Spring embedded WebApplicationContext
2024-04-27T09:39:27.379-04:00  INFO 23440 --- [deid-tool] [restartedMain] w.s.c.ServletWebServerApplicationContext : Root WebApplicationContext: initialization completed in 1659 ms
2024-04-27T09:39:27.500-04:00  INFO 23440 --- [deid-tool] [restartedMain] .c.a.i.a.c.p.AadAuthenticationProperties : AadAuthenticationFilter Constructor.
2024-04-27T09:39:27.584-04:00  INFO 23440 --- [deid-tool] [restartedMain] c.e.d.service.FileSystemStorageService   : Inside FileSystemStorageService constructor()
2024-04-27T09:39:27.934-04:00  INFO 23440 --- [deid-tool] [restartedMain] o.s.s.web.DefaultSecurityFilterChain     : Will secure any request with [org.springframework.security.web.session.DisableEncodeUrlFilter@785c8fa, org.springframework.security.web.context.request.async.WebAsyncManagerIntegrationFilter@3014e4b2, org.springframework.security.web.context.SecurityContextHolderFilter@373daaaf, org.springframework.security.web.header.HeaderWriterFilter@141fb722, org.springframework.web.filter.CorsFilter@aa17bd5, org.springframework.security.web.authentication.logout.LogoutFilter@69badb43, org.springframework.security.oauth2.client.web.OAuth2AuthorizationRequestRedirectFilter@2ab5d0c3, org.springframework.security.oauth2.client.web.OAuth2AuthorizationRequestRedirectFilter@72a263d1, org.springframework.security.oauth2.client.web.OAuth2LoginAuthenticationFilter@504fd273, org.springframework.security.web.authentication.ui.DefaultLoginPageGeneratingFilter@73d460cf, org.springframework.security.web.authentication.ui.DefaultLogoutPageGeneratingFilter@7bd89ec8, org.springframework.security.web.savedrequest.RequestCacheAwareFilter@475f5eeb, org.springframework.security.web.servletapi.SecurityContextHolderAwareRequestFilter@695739, org.springframework.security.web.authentication.AnonymousAuthenticationFilter@52b34b51, org.springframework.security.oauth2.client.web.OAuth2AuthorizationCodeGrantFilter@5fa15fe0, org.springframework.security.web.access.ExceptionTranslationFilter@88a1fad, org.springframework.security.web.access.intercept.AuthorizationFilter@227e8712]
2024-04-27T09:39:27.951-04:00  INFO 23440 --- [deid-tool] [restartedMain] com.ecw.deidtool.config.DeIDAppConfig    : In Init
2024-04-27T09:39:28.214-04:00  INFO 23440 --- [deid-tool] [restartedMain] AbstractAzureServiceClientBuilderFactory : Will configure the default credential of type DefaultAzureCredential for class com.azure.identity.DefaultAzureCredentialBuilder.
2024-04-27T09:39:28.246-04:00  WARN 23440 --- [deid-tool] [restartedMain] c.a.c.http.netty.implementation.Utility  : The following Netty dependencies have versions that do not match the versions specified in the azure-core-http-netty pom.xml file. This may result in unexpected behavior. If your application runs without issue this message can be ignored, otherwise please update the Netty dependencies to match the versions specified in the pom.xml file. Versions found in runtime: 'io.netty:netty-common' version: 4.1.105.Final (expected: 4.1.101.Final),'io.netty:netty-handler' version: 4.1.105.Final (expected: 4.1.101.Final),'io.netty:netty-handler-proxy' version: 4.1.105.Final (expected: 4.1.101.Final),'io.netty:netty-buffer' version: 4.1.105.Final (expected: 4.1.101.Final),'io.netty:netty-codec' version: 4.1.105.Final (expected: 4.1.101.Final),'io.netty:netty-codec-http' version: 4.1.105.Final (expected: 4.1.101.Final),'io.netty:netty-codec-http2' version: 4.1.105.Final (expected: 4.1.101.Final),'io.netty:netty-transport-native-unix-common' version: 4.1.105.Final (expected: 4.1.101.Final),'io.netty:netty-transport-native-epoll' version: 4.1.105.Final (expected: 4.1.101.Final),'io.netty:netty-transport-native-kqueue' version: 4.1.105.Final (expected: 4.1.101.Final)
2024-04-27T09:39:28.417-04:00  INFO 23440 --- [deid-tool] [restartedMain] o.s.b.d.a.OptionalLiveReloadServer       : LiveReload server is running on port 35729
2024-04-27T09:39:28.473-04:00  INFO 23440 --- [deid-tool] [restartedMain] o.s.b.w.embedded.tomcat.TomcatWebServer  : Tomcat started on port 2020 (http) with context path '/deid-tool'
2024-04-27T09:39:28.483-04:00  INFO 23440 --- [deid-tool] [restartedMain] com.ecw.deidtool.DeidToolApplication     : Started DeidToolApplication in 3.355 seconds (process running for 4.631)
2024-04-27T09:39:32.296-04:00  INFO 23440 --- [deid-tool] [http-nio-2020-exec-1] o.a.c.c.C.[.[localhost].[/deid-tool]     : Initializing Spring DispatcherServlet 'dispatcherServlet'
2024-04-27T09:39:32.297-04:00  INFO 23440 --- [deid-tool] [http-nio-2020-exec-1] o.s.web.servlet.DispatcherServlet        : Initializing Servlet 'dispatcherServlet'
2024-04-27T09:39:32.298-04:00  INFO 23440 --- [deid-tool] [http-nio-2020-exec-1] o.s.web.servlet.DispatcherServlet        : Completed initialization in 1 ms
2024-04-27T09:39:32.348-04:00  INFO 23440 --- [deid-tool] [http-nio-2020-exec-1] c.e.d.controller.DeIDAppController       : Application Context: /deid-tool
